Using pre-set license
Built from '2020.3/release' branch; Version is '2020.3.1f1 (77a89f25062f) revision 7841951'; Using compiler version '192528614'; Build Type 'Release'
OS: 'Windows 10 Pro; OS build 19041.867; Version 2004; 64bit' Language: 'en' Physical Memory: 32716 MB
BatchMode: 1, IsHumanControllingUs: 0, StartBugReporterOnCrash: 0, Is64bit: 1, IsPro: 0

 COMMAND LINE ARGUMENTS:
F:\Unity\2020.3.1f1\Editor\Unity.exe
-adb2
-batchMode
-noUpm
-name
AssetImportWorker0
-projectPath
E:/repos/Shaders/Shaders
-logFile
Logs/AssetImportWorker0.log
-srvPort
63803
Successfully changed project path to: E:/repos/Shaders/Shaders
E:/repos/Shaders/Shaders
Using Asset Import Pipeline V2.
Refreshing native plugins compatible for Editor in 40.58 ms, found 0 plugins.
Preloading 0 native plugins for Editor in 0.00 ms.
Initialize engine version: 2020.3.1f1 (77a89f25062f)
[Subsystems] Discovering subsystems at path F:/Unity/2020.3.1f1/Editor/Data/Resources/UnitySubsystems
[Subsystems] Discovering subsystems at path E:/repos/Shaders/Shaders/Assets
GfxDevice: creating device client; threaded=0
Direct3D:
    Version:  Direct3D 11.0 [level 11.1]
    Renderer: NVIDIA GeForce RTX 2070 SUPER (ID=0x1e84)
    Vendor:   
    VRAM:     8011 MB
    Driver:   27.21.14.6079
Initialize mono
Mono path[0] = 'F:/Unity/2020.3.1f1/Editor/Data/Managed'
Mono path[1] = 'F:/Unity/2020.3.1f1/Editor/Data/MonoBleedingEdge/lib/mono/unityjit'
Mono config path = 'F:/Unity/2020.3.1f1/Editor/Data/MonoBleedingEdge/etc'
Using monoOptions --debugger-agent=transport=dt_socket,embedding=1,server=y,suspend=n,address=127.0.0.1:56648
Begin MonoManager ReloadAssembly
Registering precompiled unity dll's ...
Register platform support module: F:/Unity/2020.3.1f1/Editor/Data/PlaybackEngines/WindowsStandaloneSupport/UnityEditor.WindowsStandalone.Extensions.dll
Registered in 0.000861 seconds.
Native extension for WindowsStandalone target not found
Refreshing native plugins compatible for Editor in 38.92 ms, found 0 plugins.
Preloading 0 native plugins for Editor in 0.00 ms.
Invoked RoslynAnalysisRunner static constructor.
RoslynAnalysisRunner will not be running.
RoslynAnalysisRunner has terminated.
Mono: successfully reloaded assembly
- Completed reload, in  0.875 seconds
Platform modules already initialized, skipping
Registering precompiled user dll's ...
Registered in 0.001017 seconds.
Begin MonoManager ReloadAssembly
Native extension for WindowsStandalone target not found
Refreshing native plugins compatible for Editor in 39.65 ms, found 0 plugins.
Preloading 0 native plugins for Editor in 0.00 ms.
Invoked RoslynAnalysisRunner static constructor.
RoslynAnalysisRunner will not be running.
RoslynAnalysisRunner has terminated.
Mono: successfully reloaded assembly
- Completed reload, in  0.830 seconds
Platform modules already initialized, skipping
========================================================================
Worker process is ready to serve import requests
Shader 'Universal Render Pipeline/Particles/Lit': fallback shader 'Universal Render Pipeline/Particles/SimpleLit' not found
Shader 'Universal Render Pipeline/Particles/Lit': fallback shader 'Universal Render Pipeline/Particles/SimpleLit' not found
Launched and connected shader compiler UnityShaderCompiler.exe after 0.05 seconds
Refreshing native plugins compatible for Editor in 0.47 ms, found 0 plugins.
Preloading 0 native plugins for Editor in 0.00 ms.
Unloading 2417 Unused Serialized files (Serialized files now loaded: 0)
System memory in use before: 110.7 MB.
System memory in use after: 108.4 MB.

Unloading 45 unused Assets to reduce memory usage. Loaded Objects now: 2823.
Total: 3.461100 ms (FindLiveObjects: 0.304400 ms CreateObjectMapping: 0.065900 ms MarkObjects: 1.948000 ms  DeleteObjects: 1.141700 ms)

========================================================================
Received Import Request.
  path: Assets/Readme.asset
  artifactKey: Guid(83c2ed844a8c74b779a4c823d16594b1) Importer(815301076,1909f56bfc062723c751e8b465ee728b)
Start importing Assets/Readme.asset using Guid(83c2ed844a8c74b779a4c823d16594b1) Importer(815301076,1909f56bfc062723c751e8b465ee728b)  -> (artifact id: '5dcbb894266d2c9b152955f6bbad470d') in 0.044806 seconds
  Import took 0.049479 seconds .

========================================================================
Received Import Request.
  Time since last request: 35.036671 seconds.
  path: Assets/TutorialInfo
  artifactKey: Guid(49110bb8dcada46328ad741970bce702) Importer(815301076,1909f56bfc062723c751e8b465ee728b)
Start importing Assets/TutorialInfo using Guid(49110bb8dcada46328ad741970bce702) Importer(815301076,1909f56bfc062723c751e8b465ee728b)  -> (artifact id: '01b730f4bcb53e42f2455cac6c6ee2ac') in 0.006531 seconds
  Import took 0.010368 seconds .

========================================================================
Received Prepare
Registering precompiled user dll's ...
Registered in 0.001346 seconds.
Begin MonoManager ReloadAssembly
Native extension for WindowsStandalone target not found
Refreshing native plugins compatible for Editor in 0.49 ms, found 0 plugins.
Preloading 0 native plugins for Editor in 0.00 ms.
Invoked RoslynAnalysisRunner static constructor.
RoslynAnalysisRunner will not be running.
RoslynAnalysisRunner has terminated.
Mono: successfully reloaded assembly
- Completed reload, in  0.723 seconds
Platform modules already initialized, skipping
Shader 'Universal Render Pipeline/Particles/Lit': fallback shader 'Universal Render Pipeline/Particles/SimpleLit' not found
Shader 'Universal Render Pipeline/Particles/Lit': fallback shader 'Universal Render Pipeline/Particles/SimpleLit' not found
Refreshing native plugins compatible for Editor in 0.52 ms, found 0 plugins.
Preloading 0 native plugins for Editor in 0.00 ms.
Unloading 2340 Unused Serialized files (Serialized files now loaded: 0)
System memory in use before: 107.5 MB.
System memory in use after: 105.3 MB.

Unloading 41 unused Assets to reduce memory usage. Loaded Objects now: 2825.
Total: 3.731400 ms (FindLiveObjects: 0.335700 ms CreateObjectMapping: 0.073300 ms MarkObjects: 2.075400 ms  DeleteObjects: 1.245700 ms)

========================================================================
Received Import Request.
  Time since last request: 5.124455 seconds.
  path: Assets/Presets
  artifactKey: Guid(558255460b74ec04fa70b5570e9327bd) Importer(815301076,1909f56bfc062723c751e8b465ee728b)
Start importing Assets/Presets using Guid(558255460b74ec04fa70b5570e9327bd) Importer(815301076,1909f56bfc062723c751e8b465ee728b)  -> (artifact id: 'eda913f950f158be8a7387dd059da7b9') in 0.008695 seconds
  Import took 0.012372 seconds .

========================================================================
Received Import Request.
  Time since last request: 0.000167 seconds.
  path: Assets/Presets/AudioStreaming.preset
  artifactKey: Guid(86bcce7f5575b54408aa0f3a7d321039) Importer(815301076,1909f56bfc062723c751e8b465ee728b)
Start importing Assets/Presets/AudioStreaming.preset using Guid(86bcce7f5575b54408aa0f3a7d321039) Importer(815301076,1909f56bfc062723c751e8b465ee728b)  -> (artifact id: '86c8197765dc6a305ccc7924698bf36e') in 0.015515 seconds
  Import took 0.019328 seconds .

========================================================================
Received Import Request.
  Time since last request: 0.065495 seconds.
  path: Assets/Presets/AudioCompressedInMemory.preset
  artifactKey: Guid(2dd802e4d37c65149922028d3e973832) Importer(815301076,1909f56bfc062723c751e8b465ee728b)
Start importing Assets/Presets/AudioCompressedInMemory.preset using Guid(2dd802e4d37c65149922028d3e973832) Importer(815301076,1909f56bfc062723c751e8b465ee728b)  -> (artifact id: 'f1008744868140792b9123870cddc746') in 0.006653 seconds
  Import took 0.010730 seconds .

========================================================================
Received Import Request.
  Time since last request: 0.052065 seconds.
  path: Assets/Presets/NormalTexture.preset
  artifactKey: Guid(14a57cf3b9fa1c74b884aa7e0dcf1faa) Importer(815301076,1909f56bfc062723c751e8b465ee728b)
Start importing Assets/Presets/NormalTexture.preset using Guid(14a57cf3b9fa1c74b884aa7e0dcf1faa) Importer(815301076,1909f56bfc062723c751e8b465ee728b)  -> (artifact id: '31de465e5e16ba5b635abbad06e1c379') in 0.008643 seconds
  Import took 0.012688 seconds .

========================================================================
Received Import Request.
  Time since last request: 0.067186 seconds.
  path: Assets/Presets/UtilityTexture.preset
  artifactKey: Guid(45f7b2e3c78185248b3adbb14429c2ab) Importer(815301076,1909f56bfc062723c751e8b465ee728b)
Start importing Assets/Presets/UtilityTexture.preset using Guid(45f7b2e3c78185248b3adbb14429c2ab) Importer(815301076,1909f56bfc062723c751e8b465ee728b)  -> (artifact id: 'fe127a8a65fcec4f52e19b7262283641') in 0.007620 seconds
  Import took 0.012222 seconds .

========================================================================
Received Import Request.
  Time since last request: 0.901533 seconds.
  path: Assets/Settings/SampleSceneProfile.asset
  artifactKey: Guid(10fc4df2da32a41aaa32d77bc913491c) Importer(815301076,1909f56bfc062723c751e8b465ee728b)
Start importing Assets/Settings/SampleSceneProfile.asset using Guid(10fc4df2da32a41aaa32d77bc913491c) Importer(815301076,1909f56bfc062723c751e8b465ee728b)  -> (artifact id: '8b2ef4ada7c128530df1e1df51482890') in 0.015039 seconds
  Import took 0.019066 seconds .

========================================================================
Received Import Request.
  Time since last request: 0.000188 seconds.
  path: Assets/Settings/UniversalRP-LowQuality.asset
  artifactKey: Guid(a31e9f9f9c9d4b9429ed0d1234e22103) Importer(815301076,1909f56bfc062723c751e8b465ee728b)
Start importing Assets/Settings/UniversalRP-LowQuality.asset using Guid(a31e9f9f9c9d4b9429ed0d1234e22103) Importer(815301076,1909f56bfc062723c751e8b465ee728b)  -> (artifact id: '3b21bfb1b365383660d6526e4c2cd9e8') in 0.006078 seconds
  Import took 0.009057 seconds .

========================================================================
Received Import Request.
  Time since last request: 0.058063 seconds.
  path: Assets/Settings/UniversalRP-MediumQuality.asset
  artifactKey: Guid(d847b876476d3d6468f5dfcd34266f96) Importer(815301076,1909f56bfc062723c751e8b465ee728b)
Start importing Assets/Settings/UniversalRP-MediumQuality.asset using Guid(d847b876476d3d6468f5dfcd34266f96) Importer(815301076,1909f56bfc062723c751e8b465ee728b)  -> (artifact id: '803b2ead36992cb16875b2b13492bec9') in 0.006393 seconds
  Import took 0.010733 seconds .

========================================================================
Received Import Request.
  Time since last request: 0.051432 seconds.
  path: Assets/Settings/UniversalRP-HighQuality.asset
  artifactKey: Guid(19ba41d7c0026c3459d37c2fe90c55a0) Importer(815301076,1909f56bfc062723c751e8b465ee728b)
Start importing Assets/Settings/UniversalRP-HighQuality.asset using Guid(19ba41d7c0026c3459d37c2fe90c55a0) Importer(815301076,1909f56bfc062723c751e8b465ee728b)  -> (artifact id: '478b78ae17c67ab211fae52e9e0a226b') in 0.006301 seconds
  Import took 0.009856 seconds .

========================================================================
Received Import Request.
  Time since last request: 0.052242 seconds.
  path: Assets/Settings/ForwardRenderer.asset
  artifactKey: Guid(4a8e21d5c33334b11b34a596161b9360) Importer(815301076,1909f56bfc062723c751e8b465ee728b)
Start importing Assets/Settings/ForwardRenderer.asset using Guid(4a8e21d5c33334b11b34a596161b9360) Importer(815301076,1909f56bfc062723c751e8b465ee728b)  -> (artifact id: '9887885bb8c2bd3ab3ac890bc114b848') in 0.008630 seconds
  Import took 0.012891 seconds .

========================================================================
Received Import Request.
  Time since last request: 2.326158 seconds.
  path: Assets/Materials/Skybox_Mat.mat
  artifactKey: Guid(0ffaa0b7117ba8c47a9d05ae701d4b4d) Importer(815301076,1909f56bfc062723c751e8b465ee728b)
Start importing Assets/Materials/Skybox_Mat.mat using Guid(0ffaa0b7117ba8c47a9d05ae701d4b4d) Importer(815301076,1909f56bfc062723c751e8b465ee728b)  -> (artifact id: '2cb81bd57e6edfacbbe58357158cba79') in 0.187341 seconds
  Import took 0.191317 seconds .

========================================================================
Received Import Request.
  Time since last request: 3.044051 seconds.
  path: Assets/ExampleAssets
  artifactKey: Guid(990f5c2df70993f4987a388ca178996a) Importer(815301076,1909f56bfc062723c751e8b465ee728b)
Start importing Assets/ExampleAssets using Guid(990f5c2df70993f4987a388ca178996a) Importer(815301076,1909f56bfc062723c751e8b465ee728b)  -> (artifact id: 'f86d171bc68fd768341141d484d02dc3') in 0.006038 seconds
  Import took 0.009666 seconds .

========================================================================
Received Import Request.
  Time since last request: 2.906087 seconds.
  path: Assets/Scripts
  artifactKey: Guid(02a3527b6b33a924e8ec66aa805ea717) Importer(815301076,1909f56bfc062723c751e8b465ee728b)
Start importing Assets/Scripts using Guid(02a3527b6b33a924e8ec66aa805ea717) Importer(815301076,1909f56bfc062723c751e8b465ee728b)  -> (artifact id: 'ff7017df2026051e0f20b6851e476600') in 0.006030 seconds
  Import took 0.010104 seconds .

========================================================================
Received Import Request.
  Time since last request: 1.341939 seconds.
  path: Assets/Scripts/SimpleCameraController.cs
  artifactKey: Guid(be76e5f14cfee674cb30b491fb72b09b) Importer(815301076,1909f56bfc062723c751e8b465ee728b)
Start importing Assets/Scripts/SimpleCameraController.cs using Guid(be76e5f14cfee674cb30b491fb72b09b) Importer(815301076,1909f56bfc062723c751e8b465ee728b)  -> (artifact id: '960f31ecb6e1a5ac921e40408d2f3ac3') in 0.011480 seconds
  Import took 0.015754 seconds .

========================================================================
Received Prepare
Registering precompiled user dll's ...
Registered in 0.001176 seconds.
Begin MonoManager ReloadAssembly
Native extension for WindowsStandalone target not found
Refreshing native plugins compatible for Editor in 0.46 ms, found 0 plugins.
Preloading 0 native plugins for Editor in 0.00 ms.
Invoked RoslynAnalysisRunner static constructor.
RoslynAnalysisRunner will not be running.
RoslynAnalysisRunner has terminated.
Mono: successfully reloaded assembly
- Completed reload, in  0.764 seconds
Platform modules already initialized, skipping
Shader 'Universal Render Pipeline/Particles/Lit': fallback shader 'Universal Render Pipeline/Particles/SimpleLit' not found
Shader 'Universal Render Pipeline/Particles/Lit': fallback shader 'Universal Render Pipeline/Particles/SimpleLit' not found
Refreshing native plugins compatible for Editor in 0.44 ms, found 0 plugins.
Preloading 0 native plugins for Editor in 0.00 ms.
Unloading 2341 Unused Serialized files (Serialized files now loaded: 0)
System memory in use before: 112.8 MB.
System memory in use after: 110.6 MB.

Unloading 41 unused Assets to reduce memory usage. Loaded Objects now: 2907.
Total: 3.648900 ms (FindLiveObjects: 0.335000 ms CreateObjectMapping: 0.067300 ms MarkObjects: 2.075800 ms  DeleteObjects: 1.169300 ms)

========================================================================
Received Import Request.
  Time since last request: 4.670321 seconds.
  path: Assets
  artifactKey: Guid(00000000000000001000000000000000) Importer(815301076,1909f56bfc062723c751e8b465ee728b)
Start importing Assets using Guid(00000000000000001000000000000000) Importer(815301076,1909f56bfc062723c751e8b465ee728b)  -> (artifact id: 'a6374019befeac6ce670f13ba9960efb') in 0.009428 seconds
  Import took 0.013882 seconds .

========================================================================
Received Import Request.
  Time since last request: 6.165880 seconds.
  path: Assets/ShaderGraphs
  artifactKey: Guid(5a6a2e8c95621eb41a125cb100720ba7) Importer(815301076,1909f56bfc062723c751e8b465ee728b)
Start importing Assets/ShaderGraphs using Guid(5a6a2e8c95621eb41a125cb100720ba7) Importer(815301076,1909f56bfc062723c751e8b465ee728b)  -> (artifact id: 'c2525421aba0e506be948ee6fd1cfbe6') in 0.006336 seconds
  Import took 0.011781 seconds .

========================================================================
Received Import Request.
  Time since last request: 41.774209 seconds.
  path: Assets/ShaderGraphs/CheckerShader.shadergraph
  artifactKey: Guid(d823f163cc301aa44aa535ecba4a937a) Importer(815301076,1909f56bfc062723c751e8b465ee728b)
Start importing Assets/ShaderGraphs/CheckerShader.shadergraph using Guid(d823f163cc301aa44aa535ecba4a937a) Importer(815301076,1909f56bfc062723c751e8b465ee728b)  -> (artifact id: 'f086b1c5c4bb4cae6543027ddd385afc') in 0.015083 seconds
  Import took 0.019241 seconds .

========================================================================
Received Import Request.
  Time since last request: 112.123781 seconds.
  path: Assets/Gradient.png
  artifactKey: Guid(66346312a0ffdad4a9ab62220b6dfcc3) Importer(815301076,1909f56bfc062723c751e8b465ee728b)
Start importing Assets/Gradient.png using Guid(66346312a0ffdad4a9ab62220b6dfcc3) Importer(815301076,1909f56bfc062723c751e8b465ee728b)  -> (artifact id: 'b0111cf0482e0005ae80df2e843af87b') in 0.037498 seconds
  Import took 0.041505 seconds .

========================================================================
Received Import Request.
  Time since last request: 377.722740 seconds.
  path: Assets/Checker.png
  artifactKey: Guid(08c6693ebcf3c0d4f8e36efd6005c601) Importer(815301076,1909f56bfc062723c751e8b465ee728b)
Start importing Assets/Checker.png using Guid(08c6693ebcf3c0d4f8e36efd6005c601) Importer(815301076,1909f56bfc062723c751e8b465ee728b)  -> (artifact id: 'f6b4c5d3404806771523bc044e7f0533') in 0.029910 seconds
  Import took 0.034861 seconds .

========================================================================
Received Import Request.
  Time since last request: 560.658061 seconds.
  path: Assets/Texture
  artifactKey: Guid(6c7123c12d86b35499b5e65acda9d393) Importer(815301076,1909f56bfc062723c751e8b465ee728b)
Start importing Assets/Texture using Guid(6c7123c12d86b35499b5e65acda9d393) Importer(815301076,1909f56bfc062723c751e8b465ee728b)  -> (artifact id: 'f416d4cc413c66b7339b5b6c11839149') in 0.005861 seconds
  Import took 0.009861 seconds .

========================================================================
Received Import Request.
  Time since last request: 13.814489 seconds.
  path: Assets/Materials
  artifactKey: Guid(d0234ba368eeec9418390da711bfdad0) Importer(815301076,1909f56bfc062723c751e8b465ee728b)
Start importing Assets/Materials using Guid(d0234ba368eeec9418390da711bfdad0) Importer(815301076,1909f56bfc062723c751e8b465ee728b)  -> (artifact id: '9f0bedcdb527d9144f75a4ef3cc36afe') in 0.005585 seconds
  Import took 0.008864 seconds .

========================================================================
Received Import Request.
  Time since last request: 9.648836 seconds.
  path: Assets/Materials/Checker.mat
  artifactKey: Guid(f370fda461d631b4d9604b36a41a7a91) Importer(815301076,1909f56bfc062723c751e8b465ee728b)
Start importing Assets/Materials/Checker.mat using Guid(f370fda461d631b4d9604b36a41a7a91) Importer(815301076,1909f56bfc062723c751e8b465ee728b)  -> (artifact id: 'fcbdcbdb6a823d195638e0bc0c4ce83c') in 0.136471 seconds
  Import took 0.141138 seconds .

